<?xml version="1.0" encoding="UTF-8"?>
<testsuite name="com.yeojin.book.web.IndexControllerTest" tests="1" skipped="0" failures="0" errors="0" timestamp="2023-01-22T14:00:58" hostname="hayeojin" time="0.258">
  <properties/>
  <testcase name="mainPage_loading" classname="com.yeojin.book.web.IndexControllerTest" time="0.258"/>
  <system-out><![CDATA[2023-01-22 23:00:55.661  INFO 33692 --- [    Test worker] .b.t.c.SpringBootTestContextBootstrapper : Neither @ContextConfiguration nor @ContextHierarchy found for test class [com.yeojin.book.web.IndexControllerTest], using SpringBootContextLoader
2023-01-22 23:00:55.662  INFO 33692 --- [    Test worker] o.s.t.c.support.AbstractContextLoader    : Could not detect default resource locations for test class [com.yeojin.book.web.IndexControllerTest]: no resource found for suffixes {-context.xml, Context.groovy}.
2023-01-22 23:00:55.662  INFO 33692 --- [    Test worker] t.c.s.AnnotationConfigContextLoaderUtils : Could not detect default configuration classes for test class [com.yeojin.book.web.IndexControllerTest]: IndexControllerTest does not declare any static, non-private, non-final, nested classes annotated with @Configuration.
2023-01-22 23:00:55.664  INFO 33692 --- [    Test worker] .b.t.c.SpringBootTestContextBootstrapper : Found @SpringBootConfiguration com.yeojin.book.Application for test class com.yeojin.book.web.IndexControllerTest
2023-01-22 23:00:55.665  INFO 33692 --- [    Test worker] .b.t.c.SpringBootTestContextBootstrapper : Loaded default TestExecutionListener class names from location [META-INF/spring.factories]: [org.springframework.security.test.context.support.WithSecurityContextTestExecutionListener, org.springframework.security.test.context.support.ReactorContextTestExecutionListener, org.springframework.boot.test.autoconfigure.restdocs.RestDocsTestExecutionListener, org.springframework.boot.test.autoconfigure.web.client.MockRestServiceServerResetTestExecutionListener, org.springframework.boot.test.autoconfigure.web.servlet.MockMvcPrintOnlyOnFailureTestExecutionListener, org.springframework.boot.test.autoconfigure.web.servlet.WebDriverTestExecutionListener, org.springframework.boot.test.mock.mockito.MockitoTestExecutionListener, org.springframework.boot.test.mock.mockito.ResetMocksTestExecutionListener, org.springframework.test.context.web.ServletTestExecutionListener, org.springframework.test.context.support.DirtiesContextBeforeModesTestExecutionListener, org.springframework.test.context.support.DependencyInjectionTestExecutionListener, org.springframework.test.context.support.DirtiesContextTestExecutionListener, org.springframework.test.context.transaction.TransactionalTestExecutionListener, org.springframework.test.context.jdbc.SqlScriptsTestExecutionListener]
2023-01-22 23:00:55.666  INFO 33692 --- [    Test worker] .b.t.c.SpringBootTestContextBootstrapper : Using TestExecutionListeners: [org.springframework.test.context.web.ServletTestExecutionListener@fb05457, org.springframework.test.context.support.DirtiesContextBeforeModesTestExecutionListener@33369739, org.springframework.boot.test.mock.mockito.MockitoTestExecutionListener@3908dd00, org.springframework.boot.test.autoconfigure.SpringBootDependencyInjectionTestExecutionListener@4b3a171a, org.springframework.test.context.support.DirtiesContextTestExecutionListener@46a5e0c6, org.springframework.test.context.transaction.TransactionalTestExecutionListener@412d2874, org.springframework.test.context.jdbc.SqlScriptsTestExecutionListener@3eb20d8c, org.springframework.security.test.context.support.WithSecurityContextTestExecutionListener@25ab5f87, org.springframework.security.test.context.support.ReactorContextTestExecutionListener@4ce12824, org.springframework.boot.test.autoconfigure.restdocs.RestDocsTestExecutionListener@6427d744, org.springframework.boot.test.autoconfigure.web.client.MockRestServiceServerResetTestExecutionListener@4ad76821, org.springframework.boot.test.autoconfigure.web.servlet.MockMvcPrintOnlyOnFailureTestExecutionListener@35ff519b, org.springframework.boot.test.autoconfigure.web.servlet.WebDriverTestExecutionListener@709aff08, org.springframework.boot.test.mock.mockito.ResetMocksTestExecutionListener@2a5d8ba8]

  .   ____          _            __ _ _
 /\\ / ___'_ __ _ _(_)_ __  __ _ \ \ \ \
( ( )\___ | '_ | '_| | '_ \/ _` | \ \ \ \
 \\/  ___)| |_)| | | | | || (_| |  ) ) ) )
  '  |____| .__|_| |_|_| |_\__, | / / / /
 =========|_|==============|___/=/_/_/_/
 :: Spring Boot ::        (v2.1.9.RELEASE)

2023-01-22 23:00:55.704  INFO 33692 --- [    Test worker] com.yeojin.book.web.IndexControllerTest  : Starting IndexControllerTest on hayeojin with PID 33692 (started by YeoJinHa in D:\files\Coding\yeojin\springboot_on_book\freelec-springboot2-webservice)
2023-01-22 23:00:55.704  INFO 33692 --- [    Test worker] com.yeojin.book.web.IndexControllerTest  : No active profile set, falling back to default profiles: default
2023-01-22 23:00:56.063  INFO 33692 --- [    Test worker] .s.d.r.c.RepositoryConfigurationDelegate : Bootstrapping Spring Data repositories in DEFAULT mode.
2023-01-22 23:00:56.111  INFO 33692 --- [    Test worker] .s.d.r.c.RepositoryConfigurationDelegate : Finished Spring Data repository scanning in 48ms. Found 2 repository interfaces.
2023-01-22 23:00:56.262  INFO 33692 --- [    Test worker] trationDelegate$BeanPostProcessorChecker : Bean 'org.springframework.transaction.annotation.ProxyTransactionManagementConfiguration' of type [org.springframework.transaction.annotation.ProxyTransactionManagementConfiguration$$EnhancerBySpringCGLIB$$6706accd] is not eligible for getting processed by all BeanPostProcessors (for example: not eligible for auto-proxying)
2023-01-22 23:00:56.663  INFO 33692 --- [    Test worker] o.s.b.w.embedded.tomcat.TomcatWebServer  : Tomcat initialized with port(s): 0 (http)
2023-01-22 23:00:56.714  INFO 33692 --- [    Test worker] o.apache.catalina.core.StandardService   : Starting service [Tomcat]
2023-01-22 23:00:56.714  INFO 33692 --- [    Test worker] org.apache.catalina.core.StandardEngine  : Starting Servlet engine: [Apache Tomcat/9.0.26]
2023-01-22 23:00:57.026  INFO 33692 --- [    Test worker] o.a.c.c.C.[Tomcat].[localhost].[/]       : Initializing Spring embedded WebApplicationContext
2023-01-22 23:00:57.026  INFO 33692 --- [    Test worker] o.s.web.context.ContextLoader            : Root WebApplicationContext: initialization completed in 1318 ms
2023-01-22 23:00:57.324  INFO 33692 --- [    Test worker] com.zaxxer.hikari.HikariDataSource       : HikariPool-2 - Starting...
2023-01-22 23:00:57.325  INFO 33692 --- [    Test worker] com.zaxxer.hikari.HikariDataSource       : HikariPool-2 - Start completed.
2023-01-22 23:00:57.385  INFO 33692 --- [    Test worker] o.hibernate.jpa.internal.util.LogHelper  : HHH000204: Processing PersistenceUnitInfo [
	name: default
	...]
2023-01-22 23:00:57.407  INFO 33692 --- [    Test worker] org.hibernate.dialect.Dialect            : HHH000400: Using dialect: org.hibernate.dialect.MySQL5InnoDBDialect
Hibernate: drop table if exists posts
Hibernate: drop table if exists user
Hibernate: create table posts (id bigint not null auto_increment, create_date datetime, modified_date datetime, author varchar(255), content TEXT not null, title varchar(500) not null, primary key (id)) engine=InnoDB
Hibernate: create table user (id bigint not null auto_increment, create_date datetime, modified_date datetime, email varchar(255) not null, name varchar(255) not null, picture varchar(255) not null, role varchar(255) not null, primary key (id)) engine=InnoDB
2023-01-22 23:00:57.490  INFO 33692 --- [    Test worker] o.h.t.schema.internal.SchemaCreatorImpl  : HHH000476: Executing import script 'org.hibernate.tool.schema.internal.exec.ScriptSourceInputNonExistentImpl@1fc681ec'
2023-01-22 23:00:57.491  INFO 33692 --- [    Test worker] j.LocalContainerEntityManagerFactoryBean : Initialized JPA EntityManagerFactory for persistence unit 'default'
2023-01-22 23:00:57.937  INFO 33692 --- [    Test worker] o.h.h.i.QueryTranslatorFactoryInitiator  : HHH000397: Using ASTQueryTranslatorFactory
2023-01-22 23:00:58.129  INFO 33692 --- [    Test worker] o.s.s.web.DefaultSecurityFilterChain     : Creating filter chain: any request, [org.springframework.security.web.context.request.async.WebAsyncManagerIntegrationFilter@308faecf, org.springframework.security.web.context.SecurityContextPersistenceFilter@88653e3, org.springframework.security.web.header.HeaderWriterFilter@31f13f37, org.springframework.security.web.authentication.logout.LogoutFilter@bf9c5c2, org.springframework.security.oauth2.client.web.OAuth2AuthorizationRequestRedirectFilter@13e7504f, org.springframework.security.oauth2.client.web.OAuth2LoginAuthenticationFilter@b2b521b, org.springframework.security.web.authentication.ui.DefaultLoginPageGeneratingFilter@315a8141, org.springframework.security.web.authentication.ui.DefaultLogoutPageGeneratingFilter@36c8e1ae, org.springframework.security.web.savedrequest.RequestCacheAwareFilter@7815f7de, org.springframework.security.web.servletapi.SecurityContextHolderAwareRequestFilter@40a5776c, org.springframework.security.web.authentication.AnonymousAuthenticationFilter@1f84aa10, org.springframework.security.web.session.SessionManagementFilter@14cca859, org.springframework.security.web.access.ExceptionTranslationFilter@50140efb, org.springframework.security.web.access.intercept.FilterSecurityInterceptor@3006d8e8]
2023-01-22 23:00:58.337  INFO 33692 --- [    Test worker] o.s.s.concurrent.ThreadPoolTaskExecutor  : Initializing ExecutorService 'applicationTaskExecutor'
2023-01-22 23:00:58.350  WARN 33692 --- [    Test worker] aWebConfiguration$JpaWebMvcConfiguration : spring.jpa.open-in-view is enabled by default. Therefore, database queries may be performed during view rendering. Explicitly configure spring.jpa.open-in-view to disable this warning
2023-01-22 23:00:58.381  INFO 33692 --- [    Test worker] o.s.b.a.w.s.WelcomePageHandlerMapping    : Adding welcome page template: index
2023-01-22 23:00:58.702  INFO 33692 --- [    Test worker] s.a.ScheduledAnnotationBeanPostProcessor : No TaskScheduler/ScheduledExecutorService bean found for scheduled processing
2023-01-22 23:00:58.731  INFO 33692 --- [    Test worker] o.s.b.w.embedded.tomcat.TomcatWebServer  : Tomcat started on port(s): 52436 (http) with context path ''
2023-01-22 23:00:58.732  INFO 33692 --- [    Test worker] com.yeojin.book.web.IndexControllerTest  : Started IndexControllerTest in 3.064 seconds (JVM running for 15.384)
2023-01-22 23:00:58.858  INFO 33692 --- [o-auto-1-exec-1] o.a.c.c.C.[Tomcat].[localhost].[/]       : Initializing Spring DispatcherServlet 'dispatcherServlet'
2023-01-22 23:00:58.859  INFO 33692 --- [o-auto-1-exec-1] o.s.web.servlet.DispatcherServlet        : Initializing Servlet 'dispatcherServlet'
2023-01-22 23:00:58.889  INFO 33692 --- [o-auto-1-exec-1] o.s.web.servlet.DispatcherServlet        : Completed initialization in 30 ms
Hibernate: select posts0_.id as id1_0_, posts0_.create_date as create_d2_0_, posts0_.modified_date as modified3_0_, posts0_.author as author4_0_, posts0_.content as content5_0_, posts0_.title as title6_0_ from posts posts0_ order by posts0_.id DESC
]]></system-out>
  <system-err><![CDATA[]]></system-err>
</testsuite>
